# JRE version: OpenJDK Runtime Environment Temurin-21.0.6+7 (21.0.6+7) (build 21.0.6+7-LTS)
# Java VM: OpenJDK 64-Bit Server VM Temurin-21.0.6+7 (21.0.6+7-LTS, mixed mode, sharing, tiered, compressed oops, compressed class ptrs, g1 gc, windows-amd64)
GC Precious Log:
 CardTable entry size: 512
 Card Set container configuration: InlinePtr #cards 4 size 8 Array Of Cards #cards 16 size 48 Howl #buckets 8 coarsen threshold 3686 Howl Bitmap #cards 512 size 80 coarsen threshold 460 Card regions per heap region 1 cards per card region 4096
 CPUs: 8 total, 8 available
 Memory: 16065M
 Large Page Support: Disabled
 NUMA Support: Disabled
 Compressed Oops: Enabled (Zero based)
 Heap Region Size: 2M
 Heap Min Capacity: 8M
 Heap Initial Capacity: 252M
 Heap Max Capacity: 4018M
 Pre-touch: Disabled
 Parallel Workers: 8
 Concurrent Workers: 2
 Concurrent Refinement Workers: 8
 Periodic GC: Disabled
Heap:
 garbage-first heap   total 96256K, used 43387K [0x0000000704e00000, 0x0000000800000000)
  region size 2048K, 7 young (14336K), 1 survivors (2048K)
 Metaspace       used 70032K, committed 70976K, reserved 1114112K
  class space    used 8081K, committed 8512K, reserved 1048576K
GC Heap History (20 events):
Event: 8174.756 GC heap before
{Heap before GC invocations=139 (full 9):
 garbage-first heap   total 96256K, used 86083K [0x0000000704e00000, 0x0000000800000000)
  region size 2048K, 27 young (55296K), 1 survivors (2048K)
 Metaspace       used 70018K, committed 70912K, reserved 1114112K
  class space    used 8078K, committed 8512K, reserved 1048576K
}
Event: 8174.758 GC heap after
{Heap after GC invocations=140 (full 9):
 garbage-first heap   total 96256K, used 33284K [0x0000000704e00000, 0x0000000800000000)
  region size 2048K, 1 young (2048K), 1 survivors (2048K)
 Metaspace       used 70018K, committed 70912K, reserved 1114112K
  class space    used 8078K, committed 8512K, reserved 1048576K
}
Event: 8178.159 GC heap before
{Heap before GC invocations=141 (full 9):
 garbage-first heap   total 96256K, used 84484K [0x0000000704e00000, 0x0000000800000000)
  region size 2048K, 27 young (55296K), 1 survivors (2048K)
 Metaspace       used 70019K, committed 70912K, reserved 1114112K
  class space    used 8078K, committed 8512K, reserved 1048576K
}
Event: 8178.161 GC heap after
{Heap after GC invocations=142 (full 9):
 garbage-first heap   total 96256K, used 33339K [0x0000000704e00000, 0x0000000800000000)
  region size 2048K, 1 young (2048K), 1 survivors (2048K)
 Metaspace       used 70019K, committed 70912K, reserved 1114112K
  class space    used 8078K, committed 8512K, reserved 1048576K
}
Event: 8181.156 GC heap before
{Heap before GC invocations=142 (full 9):
 garbage-first heap   total 96256K, used 86587K [0x0000000704e00000, 0x0000000800000000)
  region size 2048K, 27 young (55296K), 1 survivors (2048K)
 Metaspace       used 70020K, committed 70912K, reserved 1114112K
  class space    used 8078K, committed 8512K, reserved 1048576K
}
Event: 8181.157 GC heap after
{Heap after GC invocations=143 (full 9):
 garbage-first heap   total 96256K, used 33383K [0x0000000704e00000, 0x0000000800000000)
  region size 2048K, 1 young (2048K), 1 survivors (2048K)
 Metaspace       used 70020K, committed 70912K, reserved 1114112K
  class space    used 8078K, committed 8512K, reserved 1048576K
}
Event: 8183.494 GC heap before
{Heap before GC invocations=144 (full 9):
 garbage-first heap   total 96256K, used 84583K [0x0000000704e00000, 0x0000000800000000)
  region size 2048K, 27 young (55296K), 1 survivors (2048K)
 Metaspace       used 70024K, committed 70912K, reserved 1114112K
  class space    used 8079K, committed 8512K, reserved 1048576K
}
Event: 8183.496 GC heap after
{Heap after GC invocations=145 (full 9):
 garbage-first heap   total 96256K, used 33393K [0x0000000704e00000, 0x0000000800000000)
  region size 2048K, 1 young (2048K), 1 survivors (2048K)
 Metaspace       used 70024K, committed 70912K, reserved 1114112K
  class space    used 8079K, committed 8512K, reserved 1048576K
}
Event: 8186.540 GC heap before
{Heap before GC invocations=145 (full 9):
 garbage-first heap   total 96256K, used 86641K [0x0000000704e00000, 0x0000000800000000)
  region size 2048K, 27 young (55296K), 1 survivors (2048K)
 Metaspace       used 70025K, committed 70912K, reserved 1114112K
  class space    used 8080K, committed 8512K, reserved 1048576K
}
Event: 8186.542 GC heap after
{Heap after GC invocations=146 (full 9):
 garbage-first heap   total 96256K, used 33352K [0x0000000704e00000, 0x0000000800000000)
  region size 2048K, 1 young (2048K), 1 survivors (2048K)
 Metaspace       used 70025K, committed 70912K, reserved 1114112K
  class space    used 8080K, committed 8512K, reserved 1048576K
}
Event: 8188.236 GC heap before
{Heap before GC invocations=147 (full 9):
 garbage-first heap   total 96256K, used 84552K [0x0000000704e00000, 0x0000000800000000)
  region size 2048K, 26 young (53248K), 1 survivors (2048K)
 Metaspace       used 70025K, committed 70912K, reserved 1114112K
  class space    used 8080K, committed 8512K, reserved 1048576K
}
Event: 8188.238 GC heap after
{Heap after GC invocations=148 (full 9):
 garbage-first heap   total 96256K, used 33354K [0x0000000704e00000, 0x0000000800000000)
  region size 2048K, 1 young (2048K), 1 survivors (2048K)
 Metaspace       used 70025K, committed 70912K, reserved 1114112K
  class space    used 8080K, committed 8512K, reserved 1048576K
}
Event: 8189.636 GC heap before
{Heap before GC invocations=148 (full 9):
 garbage-first heap   total 96256K, used 82506K [0x0000000704e00000, 0x0000000800000000)
  region size 2048K, 26 young (53248K), 1 survivors (2048K)
 Metaspace       used 70029K, committed 70976K, reserved 1114112K
  class space    used 8080K, committed 8512K, reserved 1048576K
}
Event: 8189.639 GC heap after
{Heap after GC invocations=149 (full 9):
 garbage-first heap   total 96256K, used 33092K [0x0000000704e00000, 0x0000000800000000)
  region size 2048K, 1 young (2048K), 1 survivors (2048K)
 Metaspace       used 70029K, committed 70976K, reserved 1114112K
  class space    used 8080K, committed 8512K, reserved 1048576K
}
Event: 8191.311 GC heap before
{Heap before GC invocations=149 (full 9):
 garbage-first heap   total 96256K, used 84292K [0x0000000704e00000, 0x0000000800000000)
  region size 2048K, 27 young (55296K), 1 survivors (2048K)
 Metaspace       used 70029K, committed 70976K, reserved 1114112K
  class space    used 8080K, committed 8512K, reserved 1048576K
}
Event: 8191.312 GC heap after
{Heap after GC invocations=150 (full 9):
 garbage-first heap   total 96256K, used 33106K [0x0000000704e00000, 0x0000000800000000)
  region size 2048K, 1 young (2048K), 1 survivors (2048K)
 Metaspace       used 70029K, committed 70976K, reserved 1114112K
  class space    used 8080K, committed 8512K, reserved 1048576K
}
Event: 8192.903 GC heap before
{Heap before GC invocations=151 (full 9):
 garbage-first heap   total 96256K, used 84306K [0x0000000704e00000, 0x0000000800000000)
  region size 2048K, 27 young (55296K), 1 survivors (2048K)
 Metaspace       used 70030K, committed 70976K, reserved 1114112K
  class space    used 8081K, committed 8512K, reserved 1048576K
}
Event: 8192.905 GC heap after
{Heap after GC invocations=152 (full 9):
 garbage-first heap   total 96256K, used 33247K [0x0000000704e00000, 0x0000000800000000)
  region size 2048K, 1 young (2048K), 1 survivors (2048K)
 Metaspace       used 70030K, committed 70976K, reserved 1114112K
  class space    used 8081K, committed 8512K, reserved 1048576K
}
Event: 8194.286 GC heap before
{Heap before GC invocations=152 (full 9):
 garbage-first heap   total 96256K, used 86495K [0x0000000704e00000, 0x0000000800000000)
  region size 2048K, 27 young (55296K), 1 survivors (2048K)
 Metaspace       used 70032K, committed 70976K, reserved 1114112K
  class space    used 8081K, committed 8512K, reserved 1048576K
}
Event: 8194.287 GC heap after
{Heap after GC invocations=153 (full 9):
 garbage-first heap   total 96256K, used 33147K [0x0000000704e00000, 0x0000000800000000)
  region size 2048K, 1 young (2048K), 1 survivors (2048K)
 Metaspace       used 70032K, committed 70976K, reserved 1114112K
  class space    used 8081K, committed 8512K, reserved 1048576K
}

